d:\cf\menud3d\menud3d\menu\menu_hook\debug\vc143.pdb
d:\cf\menud3d\menud3d\menu\menu_hook\debug\vc143.idb
d:\cf\menud3d\menud3d\menu\menu_hook\debug\main.obj
d:\cf\menud3d\menud3d\menu\menu_hook\debug\kiero.obj
d:\cf\menud3d\menud3d\menu\menu_hook\debug\trampoline.obj
d:\cf\menud3d\menud3d\menu\menu_hook\debug\hook.obj
d:\cf\menud3d\menud3d\menu\menu_hook\debug\hde64.obj
d:\cf\menud3d\menud3d\menu\menu_hook\debug\hde32.obj
d:\cf\menud3d\menud3d\menu\menu_hook\debug\buffer.obj
d:\cf\menud3d\menud3d\menu\menu_hook\debug\menud3d.ilk
d:\cf\menud3d\menud3d\menu\debug\menud3d.dll
d:\cf\menud3d\menud3d\menu\debug\menud3d.pdb
d:\cf\menud3d\menud3d\menu\menu_hook\debug\minhook.res
d:\cf\menud3d\menud3d\menu\menu_hook\debug\menud3d.tlog\cl.command.1.tlog
d:\cf\menud3d\menud3d\menu\menu_hook\debug\menud3d.tlog\cl.read.1.tlog
d:\cf\menud3d\menud3d\menu\menu_hook\debug\menud3d.tlog\cl.write.1.tlog
d:\cf\menud3d\menud3d\menu\menu_hook\debug\menud3d.tlog\link.command.1.tlog
d:\cf\menud3d\menud3d\menu\menu_hook\debug\menud3d.tlog\link.read.1.tlog
d:\cf\menud3d\menud3d\menu\menu_hook\debug\menud3d.tlog\link.write.1.tlog
d:\cf\menud3d\menud3d\menu\menu_hook\debug\menud3d.tlog\rc.command.1.tlog
d:\cf\menud3d\menud3d\menu\menu_hook\debug\menud3d.tlog\rc.read.1.tlog
d:\cf\menud3d\menud3d\menu\menu_hook\debug\menud3d.tlog\rc.write.1.tlog
